Determining if the pthread_create exist failed with the following output:
Change Dir: /media/chengda/5b0a1a70-a660-4a6f-8e11-6750233562e4/pcl_learn/3octree-1/build/CMakeFiles/CMakeTmp

Run Build Command:"/usr/bin/make" "cmTC_a292f/fast"
/usr/bin/make -f CMakeFiles/cmTC_a292f.dir/build.make CMakeFiles/cmTC_a292f.dir/build
make[1]: Entering directory '/media/chengda/5b0a1a70-a660-4a6f-8e11-6750233562e4/pcl_learn/3octree-1/build/CMakeFiles/CMakeTmp'
Building C object CMakeFiles/cmTC_a292f.dir/CheckSymbolExists.c.o
/usr/bin/cc    -o CMakeFiles/cmTC_a292f.dir/CheckSymbolExists.c.o   -c /media/chengda/5b0a1a70-a660-4a6f-8e11-6750233562e4/pcl_learn/3octree-1/build/CMakeFiles/CMakeTmp/CheckSymbolExists.c
Linking C executable cmTC_a292f
/usr/bin/cmake -E cmake_link_script CMakeFiles/cmTC_a292f.dir/link.txt --verbose=1
/usr/bin/cc      -rdynamic CMakeFiles/cmTC_a292f.dir/CheckSymbolExists.c.o  -o cmTC_a292f 
CMakeFiles/cmTC_a292f.dir/CheckSymbolExists.c.o: In function `main':
CheckSymbolExists.c:(.text+0x1b): undefined reference to `pthread_create'
collect2: error: ld returned 1 exit status
CMakeFiles/cmTC_a292f.dir/build.make:97: recipe for target 'cmTC_a292f' failed
make[1]: *** [cmTC_a292f] Error 1
make[1]: Leaving directory '/media/chengda/5b0a1a70-a660-4a6f-8e11-6750233562e4/pcl_learn/3octree-1/build/CMakeFiles/CMakeTmp'
Makefile:126: recipe for target 'cmTC_a292f/fast' failed
make: *** [cmTC_a292f/fast] Error 2

File /media/chengda/5b0a1a70-a660-4a6f-8e11-6750233562e4/pcl_learn/3octree-1/build/CMakeFiles/CMakeTmp/CheckSymbolExists.c:
/* */
#include <pthread.h>

int main(int argc, char** argv)
{
  (void)argv;
#ifndef pthread_create
  return ((int*)(&pthread_create))[argc];
#else
  (void)argc;
  return 0;
#endif
}

Determining if the function pthread_create exists in the pthreads failed with the following output:
Change Dir: /media/chengda/5b0a1a70-a660-4a6f-8e11-6750233562e4/pcl_learn/3octree-1/build/CMakeFiles/CMakeTmp

Run Build Command:"/usr/bin/make" "cmTC_e03cf/fast"
/usr/bin/make -f CMakeFiles/cmTC_e03cf.dir/build.make CMakeFiles/cmTC_e03cf.dir/build
make[1]: Entering directory '/media/chengda/5b0a1a70-a660-4a6f-8e11-6750233562e4/pcl_learn/3octree-1/build/CMakeFiles/CMakeTmp'
Building C object CMakeFiles/cmTC_e03cf.dir/CheckFunctionExists.c.o
/usr/bin/cc   -DCHECK_FUNCTION_EXISTS=pthread_create   -o CMakeFiles/cmTC_e03cf.dir/CheckFunctionExists.c.o   -c /usr/share/cmake-3.10/Modules/CheckFunctionExists.c
Linking C executable cmTC_e03cf
/usr/bin/cmake -E cmake_link_script CMakeFiles/cmTC_e03cf.dir/link.txt --verbose=1
/usr/bin/cc  -DCHECK_FUNCTION_EXISTS=pthread_create    -rdynamic CMakeFiles/cmTC_e03cf.dir/CheckFunctionExists.c.o  -o cmTC_e03cf -lpthreads 
/usr/bin/ld: cannot find -lpthreads
collect2: error: ld returned 1 exit status
CMakeFiles/cmTC_e03cf.dir/build.make:97: recipe for target 'cmTC_e03cf' failed
make[1]: *** [cmTC_e03cf] Error 1
make[1]: Leaving directory '/media/chengda/5b0a1a70-a660-4a6f-8e11-6750233562e4/pcl_learn/3octree-1/build/CMakeFiles/CMakeTmp'
Makefile:126: recipe for target 'cmTC_e03cf/fast' failed
make: *** [cmTC_e03cf/fast] Error 2


